# JRE version: OpenJDK Runtime Environment Temurin-17.0.11+9 (17.0.11+9) (build 17.0.11+9)
# Java VM: OpenJDK 64-Bit Server VM Temurin-17.0.11+9 (17.0.11+9, mixed mode, tiered, compressed oops, compressed class ptrs, parallel gc, windows-amd64)
GC Precious Log:
 CPUs: 8 total, 8 available
 Memory: 7969M
 Large Page Support: Disabled
 NUMA Support: Disabled
 Compressed Oops: Enabled (32-bit)
 Alignments: Space 512K, Generation 512K, Heap 2M
 Heap Min Capacity: 100M
 Heap Initial Capacity: 100M
 Heap Max Capacity: 1G
 Pre-touch: Disabled
 Parallel Workers: 8
Heap:
 PSYoungGen      total 4608K, used 4087K [0x00000000eab00000, 0x00000000ec280000, 0x0000000100000000)
  eden space 512K, 0% used [0x00000000eab00000,0x00000000eab00000,0x00000000eab80000)
  from space 4096K, 99% used [0x00000000eb480000,0x00000000eb87dc80,0x00000000eb880000)
  to   space 9216K, 0% used [0x00000000eab80000,0x00000000eab80000,0x00000000eb480000)
 ParOldGen       total 329216K, used 327003K [0x00000000c0000000, 0x00000000d4180000, 0x00000000eab00000)
  object space 329216K, 99% used [0x00000000c0000000,0x00000000d3f56df8,0x00000000d4180000)
 Metaspace       used 112130K, committed 113728K, reserved 1179648K
  class space    used 11271K, committed 12032K, reserved 1048576K
GC Heap History (20 events):
Event: 3680.807 GC heap after
{Heap after GC invocations=9724 (full 248):
 PSYoungGen      total 7680K, used 532K [0x00000000eab00000, 0x00000000eb780000, 0x0000000100000000)
  eden space 4608K, 0% used [0x00000000eab00000,0x00000000eab00000,0x00000000eaf80000)
  from space 3072K, 17% used [0x00000000eb200000,0x00000000eb285200,0x00000000eb500000)
  to   space 1024K, 0% used [0x00000000eb680000,0x00000000eb680000,0x00000000eb780000)
 ParOldGen       total 329216K, used 319077K [0x00000000c0000000, 0x00000000d4180000, 0x00000000eab00000)
  object space 329216K, 96% used [0x00000000c0000000,0x00000000d3799528,0x00000000d4180000)
 Metaspace       used 112107K, committed 113664K, reserved 1179648K
  class space    used 11271K, committed 12032K, reserved 1048576K
}
Event: 3681.090 GC heap before
{Heap before GC invocations=9725 (full 248):
 PSYoungGen      total 7680K, used 5140K [0x00000000eab00000, 0x00000000eb780000, 0x0000000100000000)
  eden space 4608K, 99% used [0x00000000eab00000,0x00000000eaf7ffe8,0x00000000eaf80000)
  from space 3072K, 17% used [0x00000000eb200000,0x00000000eb285200,0x00000000eb500000)
  to   space 1024K, 0% used [0x00000000eb680000,0x00000000eb680000,0x00000000eb780000)
 ParOldGen       total 329216K, used 319077K [0x00000000c0000000, 0x00000000d4180000, 0x00000000eab00000)
  object space 329216K, 96% used [0x00000000c0000000,0x00000000d3799528,0x00000000d4180000)
 Metaspace       used 112117K, committed 113728K, reserved 1179648K
  class space    used 11271K, committed 12032K, reserved 1048576K
}
Event: 3681.093 GC heap after
{Heap after GC invocations=9725 (full 248):
 PSYoungGen      total 5120K, used 416K [0x00000000eab00000, 0x00000000eb700000, 0x0000000100000000)
  eden space 4608K, 0% used [0x00000000eab00000,0x00000000eab00000,0x00000000eaf80000)
  from space 512K, 81% used [0x00000000eb680000,0x00000000eb6e8000,0x00000000eb700000)
  to   space 1024K, 0% used [0x00000000eb500000,0x00000000eb500000,0x00000000eb600000)
 ParOldGen       total 329216K, used 319165K [0x00000000c0000000, 0x00000000d4180000, 0x00000000eab00000)
  object space 329216K, 96% used [0x00000000c0000000,0x00000000d37af528,0x00000000d4180000)
 Metaspace       used 112117K, committed 113728K, reserved 1179648K
  class space    used 11271K, committed 12032K, reserved 1048576K
}
Event: 3682.379 GC heap before
{Heap before GC invocations=9726 (full 248):
 PSYoungGen      total 5120K, used 5024K [0x00000000eab00000, 0x00000000eb700000, 0x0000000100000000)
  eden space 4608K, 100% used [0x00000000eab00000,0x00000000eaf80000,0x00000000eaf80000)
  from space 512K, 81% used [0x00000000eb680000,0x00000000eb6e8000,0x00000000eb700000)
  to   space 1024K, 0% used [0x00000000eb500000,0x00000000eb500000,0x00000000eb600000)
 ParOldGen       total 329216K, used 319165K [0x00000000c0000000, 0x00000000d4180000, 0x00000000eab00000)
  object space 329216K, 96% used [0x00000000c0000000,0x00000000d37af528,0x00000000d4180000)
 Metaspace       used 112130K, committed 113728K, reserved 1179648K
  class space    used 11271K, committed 12032K, reserved 1048576K
}
Event: 3682.382 GC heap after
{Heap after GC invocations=9726 (full 248):
 PSYoungGen      total 5632K, used 932K [0x00000000eab00000, 0x00000000eb700000, 0x0000000100000000)
  eden space 4608K, 0% used [0x00000000eab00000,0x00000000eab00000,0x00000000eaf80000)
  from space 1024K, 91% used [0x00000000eb500000,0x00000000eb5e9230,0x00000000eb600000)
  to   space 1024K, 0% used [0x00000000eb600000,0x00000000eb600000,0x00000000eb700000)
 ParOldGen       total 329216K, used 319165K [0x00000000c0000000, 0x00000000d4180000, 0x00000000eab00000)
  object space 329216K, 96% used [0x00000000c0000000,0x00000000d37af528,0x00000000d4180000)
 Metaspace       used 112130K, committed 113728K, reserved 1179648K
  class space    used 11271K, committed 12032K, reserved 1048576K
}
Event: 3682.404 GC heap before
{Heap before GC invocations=9727 (full 248):
 PSYoungGen      total 5632K, used 5540K [0x00000000eab00000, 0x00000000eb700000, 0x0000000100000000)
  eden space 4608K, 100% used [0x00000000eab00000,0x00000000eaf80000,0x00000000eaf80000)
  from space 1024K, 91% used [0x00000000eb500000,0x00000000eb5e9230,0x00000000eb600000)
  to   space 1024K, 0% used [0x00000000eb600000,0x00000000eb600000,0x00000000eb700000)
 ParOldGen       total 329216K, used 319165K [0x00000000c0000000, 0x00000000d4180000, 0x00000000eab00000)
  object space 329216K, 96% used [0x00000000c0000000,0x00000000d37af528,0x00000000d4180000)
 Metaspace       used 112130K, committed 113728K, reserved 1179648K
  class space    used 11271K, committed 12032K, reserved 1048576K
}
Event: 3682.407 GC heap after
{Heap after GC invocations=9727 (full 248):
 PSYoungGen      total 5632K, used 1001K [0x00000000eab00000, 0x00000000eb700000, 0x0000000100000000)
  eden space 4608K, 0% used [0x00000000eab00000,0x00000000eab00000,0x00000000eaf80000)
  from space 1024K, 97% used [0x00000000eb600000,0x00000000eb6fa440,0x00000000eb700000)
  to   space 2048K, 0% used [0x00000000eb300000,0x00000000eb300000,0x00000000eb500000)
 ParOldGen       total 329216K, used 319605K [0x00000000c0000000, 0x00000000d4180000, 0x00000000eab00000)
  object space 329216K, 97% used [0x00000000c0000000,0x00000000d381d528,0x00000000d4180000)
 Metaspace       used 112130K, committed 113728K, reserved 1179648K
  class space    used 11271K, committed 12032K, reserved 1048576K
}
Event: 3682.592 GC heap before
{Heap before GC invocations=9728 (full 248):
 PSYoungGen      total 5632K, used 5609K [0x00000000eab00000, 0x00000000eb700000, 0x0000000100000000)
  eden space 4608K, 100% used [0x00000000eab00000,0x00000000eaf80000,0x00000000eaf80000)
  from space 1024K, 97% used [0x00000000eb600000,0x00000000eb6fa440,0x00000000eb700000)
  to   space 2048K, 0% used [0x00000000eb300000,0x00000000eb300000,0x00000000eb500000)
 ParOldGen       total 329216K, used 319605K [0x00000000c0000000, 0x00000000d4180000, 0x00000000eab00000)
  object space 329216K, 97% used [0x00000000c0000000,0x00000000d381d528,0x00000000d4180000)
 Metaspace       used 112130K, committed 113728K, reserved 1179648K
  class space    used 11271K, committed 12032K, reserved 1048576K
}
Event: 3682.595 GC heap after
{Heap after GC invocations=9728 (full 248):
 PSYoungGen      total 6656K, used 1539K [0x00000000eab00000, 0x00000000eb680000, 0x0000000100000000)
  eden space 4608K, 0% used [0x00000000eab00000,0x00000000eab00000,0x00000000eaf80000)
  from space 2048K, 75% used [0x00000000eb300000,0x00000000eb480d20,0x00000000eb500000)
  to   space 1536K, 0% used [0x00000000eb500000,0x00000000eb500000,0x00000000eb680000)
 ParOldGen       total 329216K, used 319709K [0x00000000c0000000, 0x00000000d4180000, 0x00000000eab00000)
  object space 329216K, 97% used [0x00000000c0000000,0x00000000d3837528,0x00000000d4180000)
 Metaspace       used 112130K, committed 113728K, reserved 1179648K
  class space    used 11271K, committed 12032K, reserved 1048576K
}
Event: 3682.605 GC heap before
{Heap before GC invocations=9729 (full 248):
 PSYoungGen      total 6656K, used 6141K [0x00000000eab00000, 0x00000000eb680000, 0x0000000100000000)
  eden space 4608K, 99% used [0x00000000eab00000,0x00000000eaf7ea38,0x00000000eaf80000)
  from space 2048K, 75% used [0x00000000eb300000,0x00000000eb480d20,0x00000000eb500000)
  to   space 1536K, 0% used [0x00000000eb500000,0x00000000eb500000,0x00000000eb680000)
 ParOldGen       total 329216K, used 319709K [0x00000000c0000000, 0x00000000d4180000, 0x00000000eab00000)
  object space 329216K, 97% used [0x00000000c0000000,0x00000000d3837528,0x00000000d4180000)
 Metaspace       used 112130K, committed 113728K, reserved 1179648K
  class space    used 11271K, committed 12032K, reserved 1048576K
}
Event: 3682.607 GC heap after
{Heap after GC invocations=9729 (full 248):
 PSYoungGen      total 6144K, used 1390K [0x00000000eab00000, 0x00000000eb680000, 0x0000000100000000)
  eden space 4608K, 0% used [0x00000000eab00000,0x00000000eab00000,0x00000000eaf80000)
  from space 1536K, 90% used [0x00000000eb500000,0x00000000eb65bb20,0x00000000eb680000)
  to   space 1536K, 0% used [0x00000000eb380000,0x00000000eb380000,0x00000000eb500000)
 ParOldGen       total 329216K, used 319709K [0x00000000c0000000, 0x00000000d4180000, 0x00000000eab00000)
  object space 329216K, 97% used [0x00000000c0000000,0x00000000d3837528,0x00000000d4180000)
 Metaspace       used 112130K, committed 113728K, reserved 1179648K
  class space    used 11271K, committed 12032K, reserved 1048576K
}
Event: 3682.618 GC heap before
{Heap before GC invocations=9730 (full 248):
 PSYoungGen      total 6144K, used 5998K [0x00000000eab00000, 0x00000000eb680000, 0x0000000100000000)
  eden space 4608K, 100% used [0x00000000eab00000,0x00000000eaf80000,0x00000000eaf80000)
  from space 1536K, 90% used [0x00000000eb500000,0x00000000eb65bb20,0x00000000eb680000)
  to   space 1536K, 0% used [0x00000000eb380000,0x00000000eb380000,0x00000000eb500000)
 ParOldGen       total 329216K, used 319709K [0x00000000c0000000, 0x00000000d4180000, 0x00000000eab00000)
  object space 329216K, 97% used [0x00000000c0000000,0x00000000d3837528,0x00000000d4180000)
 Metaspace       used 112130K, committed 113728K, reserved 1179648K
  class space    used 11271K, committed 12032K, reserved 1048576K
}
Event: 3682.622 GC heap after
{Heap after GC invocations=9730 (full 248):
 PSYoungGen      total 7168K, used 1507K [0x00000000eab00000, 0x00000000eb580000, 0x0000000100000000)
  eden space 5632K, 0% used [0x00000000eab00000,0x00000000eab00000,0x00000000eb080000)
  from space 1536K, 98% used [0x00000000eb380000,0x00000000eb4f8d20,0x00000000eb500000)
  to   space 512K, 0% used [0x00000000eb500000,0x00000000eb500000,0x00000000eb580000)
 ParOldGen       total 329216K, used 319997K [0x00000000c0000000, 0x00000000d4180000, 0x00000000eab00000)
  object space 329216K, 97% used [0x00000000c0000000,0x00000000d387f548,0x00000000d4180000)
 Metaspace       used 112130K, committed 113728K, reserved 1179648K
  class space    used 11271K, committed 12032K, reserved 1048576K
}
Event: 3682.914 GC heap before
{Heap before GC invocations=9731 (full 248):
 PSYoungGen      total 7168K, used 7139K [0x00000000eab00000, 0x00000000eb580000, 0x0000000100000000)
  eden space 5632K, 100% used [0x00000000eab00000,0x00000000eb080000,0x00000000eb080000)
  from space 1536K, 98% used [0x00000000eb380000,0x00000000eb4f8d20,0x00000000eb500000)
  to   space 512K, 0% used [0x00000000eb500000,0x00000000eb500000,0x00000000eb580000)
 ParOldGen       total 329216K, used 319997K [0x00000000c0000000, 0x00000000d4180000, 0x00000000eab00000)
  object space 329216K, 97% used [0x00000000c0000000,0x00000000d387f548,0x00000000d4180000)
 Metaspace       used 112130K, committed 113728K, reserved 1179648K
  class space    used 11271K, committed 12032K, reserved 1048576K
}
Event: 3682.918 GC heap after
{Heap after GC invocations=9731 (full 248):
 PSYoungGen      total 6144K, used 494K [0x00000000eab00000, 0x00000000eb580000, 0x0000000100000000)
  eden space 5632K, 0% used [0x00000000eab00000,0x00000000eab00000,0x00000000eb080000)
  from space 512K, 96% used [0x00000000eb500000,0x00000000eb57bb00,0x00000000eb580000)
  to   space 2560K, 0% used [0x00000000eb080000,0x00000000eb080000,0x00000000eb300000)
 ParOldGen       total 329216K, used 321826K [0x00000000c0000000, 0x00000000d4180000, 0x00000000eab00000)
  object space 329216K, 97% used [0x00000000c0000000,0x00000000d3a489f8,0x00000000d4180000)
 Metaspace       used 112130K, committed 113728K, reserved 1179648K
  class space    used 11271K, committed 12032K, reserved 1048576K
}
Event: 3683.198 GC heap before
{Heap before GC invocations=9732 (full 248):
 PSYoungGen      total 6144K, used 6126K [0x00000000eab00000, 0x00000000eb580000, 0x0000000100000000)
  eden space 5632K, 100% used [0x00000000eab00000,0x00000000eb080000,0x00000000eb080000)
  from space 512K, 96% used [0x00000000eb500000,0x00000000eb57bb00,0x00000000eb580000)
  to   space 2560K, 0% used [0x00000000eb080000,0x00000000eb080000,0x00000000eb300000)
 ParOldGen       total 329216K, used 321826K [0x00000000c0000000, 0x00000000d4180000, 0x00000000eab00000)
  object space 329216K, 97% used [0x00000000c0000000,0x00000000d3a489f8,0x00000000d4180000)
 Metaspace       used 112130K, committed 113728K, reserved 1179648K
  class space    used 11271K, committed 12032K, reserved 1048576K
}
Event: 3683.202 GC heap after
{Heap after GC invocations=9732 (full 248):
 PSYoungGen      total 8192K, used 2557K [0x00000000eab00000, 0x00000000eb880000, 0x0000000100000000)
  eden space 5632K, 0% used [0x00000000eab00000,0x00000000eab00000,0x00000000eb080000)
  from space 2560K, 99% used [0x00000000eb080000,0x00000000eb2ff780,0x00000000eb300000)
  to   space 4096K, 0% used [0x00000000eb480000,0x00000000eb480000,0x00000000eb880000)
 ParOldGen       total 329216K, used 323058K [0x00000000c0000000, 0x00000000d4180000, 0x00000000eab00000)
  object space 329216K, 98% used [0x00000000c0000000,0x00000000d3b7c9f8,0x00000000d4180000)
 Metaspace       used 112130K, committed 113728K, reserved 1179648K
  class space    used 11271K, committed 12032K, reserved 1048576K
}
Event: 3683.235 GC heap before
{Heap before GC invocations=9733 (full 248):
 PSYoungGen      total 8192K, used 8189K [0x00000000eab00000, 0x00000000eb880000, 0x0000000100000000)
  eden space 5632K, 100% used [0x00000000eab00000,0x00000000eb080000,0x00000000eb080000)
  from space 2560K, 99% used [0x00000000eb080000,0x00000000eb2ff780,0x00000000eb300000)
  to   space 4096K, 0% used [0x00000000eb480000,0x00000000eb480000,0x00000000eb880000)
 ParOldGen       total 329216K, used 323058K [0x00000000c0000000, 0x00000000d4180000, 0x00000000eab00000)
  object space 329216K, 98% used [0x00000000c0000000,0x00000000d3b7c9f8,0x00000000d4180000)
 Metaspace       used 112130K, committed 113728K, reserved 1179648K
  class space    used 11271K, committed 12032K, reserved 1048576K
}
Event: 3683.240 GC heap after
{Heap after GC invocations=9733 (full 248):
 PSYoungGen      total 4608K, used 4087K [0x00000000eab00000, 0x00000000ec280000, 0x0000000100000000)
  eden space 512K, 0% used [0x00000000eab00000,0x00000000eab00000,0x00000000eab80000)
  from space 4096K, 99% used [0x00000000eb480000,0x00000000eb87dc80,0x00000000eb880000)
  to   space 9216K, 0% used [0x00000000eab80000,0x00000000eab80000,0x00000000eb480000)
 ParOldGen       total 329216K, used 327003K [0x00000000c0000000, 0x00000000d4180000, 0x00000000eab00000)
  object space 329216K, 99% used [0x00000000c0000000,0x00000000d3f56df8,0x00000000d4180000)
 Metaspace       used 112130K, committed 113728K, reserved 1179648K
  class space    used 11271K, committed 12032K, reserved 1048576K
}
Event: 3683.240 GC heap before
{Heap before GC invocations=9734 (full 249):
 PSYoungGen      total 4608K, used 4087K [0x00000000eab00000, 0x00000000ec280000, 0x0000000100000000)
  eden space 512K, 0% used [0x00000000eab00000,0x00000000eab00000,0x00000000eab80000)
  from space 4096K, 99% used [0x00000000eb480000,0x00000000eb87dc80,0x00000000eb880000)
  to   space 9216K, 0% used [0x00000000eab80000,0x00000000eab80000,0x00000000eb480000)
 ParOldGen       total 329216K, used 327003K [0x00000000c0000000, 0x00000000d4180000, 0x00000000eab00000)
  object space 329216K, 99% used [0x00000000c0000000,0x00000000d3f56df8,0x00000000d4180000)
 Metaspace       used 112130K, committed 113728K, reserved 1179648K
  class space    used 11271K, committed 12032K, reserved 1048576K
}

